<?xml version="1.0" encoding="UTF-8"?>
<!-- Generated by org.testng.reporters.JUnitXMLReporter -->
<testsuite hostname="iphone" ignored="0" name="Default test" tests="6" failures="0" timestamp="12 May 2017 10:20:56 GMT" time="210.344" errors="0">
  <testcase name="testChangeCreditCardDetails" time="48.513" classname="fanbase.ChangeCreditCardDetails"/>
  <testcase name="testLogIn" time="28.494" classname="fanbase.FanbaseLogIn"/>
  <testcase name="testBuyingTickets" time="22.378" classname="fanbase.BuyTickets"/>
  <testcase name="testLogout" time="34.978" classname="fanbase.Logout"/>
  <testcase name="testSearchBar" time="8.066" classname="fanbase.SearchBar"/>
  <testcase name="testSignUp" time="10.263" classname="fanbase.FanbaseSignUp"/>
</testsuite> <!-- Default test -->
